2017-10-29T12:38:35.506Z - normal: Load ~/.CocosCreator/settings.json
2017-10-29T12:38:35.513Z - normal: checking language setting...
2017-10-29T12:38:35.513Z - normal: Language: en
2017-10-29T12:38:41.331Z - success: protocol editor-framework registered
2017-10-29T12:38:41.332Z - success: protocol app registered
2017-10-29T12:38:41.332Z - success: protocol theme registered
2017-10-29T12:38:41.332Z - success: protocol profile registered
2017-10-29T12:38:41.332Z - success: protocol packages registered
2017-10-29T12:38:41.332Z - success: protocol unpack registerred
2017-10-29T12:38:41.333Z - success: protocol disable-commonjs registerred
2017-10-29T12:38:42.649Z - normal: connected!
2017-10-29T12:38:42.653Z - normal: Check project H:\Dev\Project\SpaceInvading
2017-10-29T12:38:42.656Z - normal: Initializing Cocos2d
2017-10-29T12:38:46.286Z - normal: Initializing Asset Database
2017-10-29T12:38:46.374Z - success: protocol uuid registerred
2017-10-29T12:38:46.374Z - success: protocol db registerred
2017-10-29T12:38:46.375Z - success: protocol thumbnail registerred
2017-10-29T12:38:46.375Z - normal: Loading editor/builtin packages
2017-10-29T12:38:46.549Z - success: anysdk loaded
2017-10-29T12:38:46.820Z - success: assets loaded
2017-10-29T12:38:46.824Z - success: builder loaded
2017-10-29T12:38:46.828Z - success: hierarchy loaded
2017-10-29T12:38:46.833Z - success: inspector loaded
2017-10-29T12:38:46.835Z - success: keystore loaded
2017-10-29T12:38:46.840Z - success: node-library loaded
2017-10-29T12:38:46.843Z - success: package-asset loaded
2017-10-29T12:38:46.847Z - success: preferences loaded
2017-10-29T12:38:46.849Z - success: project-exporter loaded
2017-10-29T12:38:46.873Z - success: project-importer loaded
2017-10-29T12:38:46.876Z - success: project-settings loaded
2017-10-29T12:38:46.879Z - success: ui-kit loaded
2017-10-29T12:38:46.908Z - success: ui-grid loaded
2017-10-29T12:38:46.913Z - success: scene loaded
2017-10-29T12:38:46.915Z - success: sprite-editor loaded
2017-10-29T12:38:46.920Z - success: store loaded
2017-10-29T12:38:46.935Z - success: timeline loaded
2017-10-29T12:38:46.935Z - normal: Loading builtin packages
2017-10-29T12:38:46.965Z - success: asset-db-debugger loaded
2017-10-29T12:38:46.965Z - success: color-picker loaded
2017-10-29T12:38:46.993Z - success: console loaded
2017-10-29T12:38:46.997Z - success: package-manager loaded
2017-10-29T12:38:47.025Z - success: sdkbox loaded
2017-10-29T12:38:47.030Z - success: tester loaded
2017-10-29T12:38:47.034Z - success: ui-kit-preview-extra loaded
2017-10-29T12:38:47.037Z - success: ui-kit-preview loaded
2017-10-29T12:38:47.041Z - success: ui-tree loaded
